<?xml version="1.0" encoding="UTF-8"?>
<!-- Generated by org.testng.reporters.JUnitReportReporter -->
<testsuite hostname="FEUJI-V017D" failures="0" tests="3" name="com.test.MobileWebTest" time="90.777" errors="0" timestamp="2023-09-27T12:15:16 IST" skipped="0">
  <testcase classname="com.test.MobileWebTest" name="loginTest" time="28.960"/>
  <system-out/>
  <testcase classname="com.test.MobileWebTest" name="deleteEmployeeTest" time="27.873"/>
  <system-out/>
  <testcase classname="com.test.MobileWebTest" name="buzzBlogsTest" time="33.944"/>
  <system-out/>
</testsuite> <!-- com.test.MobileWebTest -->
