<?xml version="1.0" encoding="UTF-8"?>
<!-- Generated by org.testng.reporters.JUnitReportReporter -->
<testsuite hostname="FEUJI-V017D" failures="0" tests="9" name="com.test.LetyShopsTest" time="139.494" errors="0" timestamp="2023-09-28T15:39:11 IST" skipped="0">
  <testcase classname="com.test.LetyShopsTest" name="welcomePage" time="9.288"/>
  <system-out/>
  <testcase classname="com.test.LetyShopsTest" name="loginWithoutCredentials" time="3.565"/>
  <system-out/>
  <testcase classname="com.test.LetyShopsTest" name="validateForgotPassword" time="2.024"/>
  <system-out/>
  <testcase classname="com.test.LetyShopsTest" name="testLoginWithValidCredentials" time="4.262"/>
  <system-out/>
  <testcase classname="com.test.LetyShopsTest" name="selectLanguage" time="60.618"/>
  <system-out/>
  <testcase classname="com.test.LetyShopsTest" name="checkNotification" time="3.018"/>
  <system-out/>
  <testcase classname="com.test.LetyShopsTest" name="searchItem" time="6.902"/>
  <system-out/>
  <testcase classname="com.test.LetyShopsTest" name="storePage" time="30.284"/>
  <system-out/>
  <testcase classname="com.test.LetyShopsTest" name="testProfile" time="19.533"/>
  <system-out/>
</testsuite> <!-- com.test.LetyShopsTest -->
